<?xml version="1.0" encoding="UTF-8"?>
<testsuite xmlns:xsi="http://www.w3.org/2001/XMLSchema-instance" xsi:noNamespaceSchemaLocation="https://maven.apache.org/surefire/maven-surefire-plugin/xsd/surefire-test-report-3.0.xsd" version="3.0" name="sicredi.SuiteTestes" time="9.98" tests="10" errors="0" skipped="0" failures="0">
  <properties>
[...]
</properties>
  <testcase name="buscarProdutosComAutenticacao" classname="sicredi.SuiteTestes" time="2.318"/>
  <testcase name="buscarProdutosComAutenticacaoTokenInvalido" classname="sicredi.SuiteTestes" time="0.889"/>
  <testcase name="buscarTodosProdutos" classname="sicredi.SuiteTestes" time="0.819"/>
  <testcase name="buscarApenasUmProdutoPorID" classname="sicredi.SuiteTestes" time="0.727"/>
  <testcase name="buscarApenasUmProdutoPorIdInvalido" classname="sicredi.SuiteTestes" time="0.771"/>
  <testcase name="criacaoTokenAutenticacaoSenhaInvalida" classname="sicredi.SuiteTestes" time="0.997"/>
  <testcase name="criacaoTokenAutenticacao" classname="sicredi.SuiteTestes" time="0.875"/>
  <testcase name="criacaoProduto" classname="sicredi.SuiteTestes" time="0.716"/>
  <testcase name="buscarUsuarios" classname="sicredi.SuiteTestes" time="0.84"/>
  <testcase name="buscarStatusAplicacao" classname="sicredi.SuiteTestes" time="0.776"/>
</testsuite>